  [4;36;1mSQL (1.0ms)[0m   [0;1mSET NAMES 'utf8'[0m
  [4;35;1mSQL (0.3ms)[0m   [0mSET SQL_AUTO_IS_NULL=0[0m
  [4;36;1mSQL (0.5ms)[0m   [0;1mSHOW TABLES[0m
  [4;35;1mSQL (4.6ms)[0m   [0mCREATE TABLE `schema_migrations` (`version` varchar(255) NOT NULL) ENGINE=InnoDB[0m
  [4;36;1mSQL (7.4ms)[0m   [0;1mCREATE UNIQUE INDEX `unique_schema_migrations` ON `schema_migrations` (`version`)[0m
  [4;35;1mSQL (0.5ms)[0m   [0mSHOW TABLES[0m
  [4;36;1mSQL (0.6ms)[0m   [0;1mSELECT version FROM schema_migrations[0m
Migrating to CreateBaseForms (20100111195646)
  [4;35;1mSQL (5.4ms)[0m   [0mCREATE TABLE `base_forms` (`id` int(11) DEFAULT NULL auto_increment PRIMARY KEY, `name` varchar(255), `welcome` varchar(255), `thank_you` varchar(255), `group_sort_order_field` varchar(255), `created_at` datetime, `updated_at` datetime) ENGINE=InnoDB[0m
  [4;36;1mSQL (0.8ms)[0m   [0;1mINSERT INTO schema_migrations (version) VALUES ('20100111195646')[0m
Migrating to CreateGroupForms (20100111195926)
  [4;35;1mSQL (7.3ms)[0m   [0mCREATE TABLE `group_forms` (`id` int(11) DEFAULT NULL auto_increment PRIMARY KEY, `base_form_id` int(11), `group_name` varchar(255), `code` int(11), `long_name` varchar(255), `desc` varchar(255), `question_sort_order_field` varchar(255), `created_at` datetime, `updated_at` datetime) ENGINE=InnoDB[0m
  [4;36;1mSQL (2.0ms)[0m   [0;1mINSERT INTO schema_migrations (version) VALUES ('20100111195926')[0m
Migrating to CreateQuestions (20100111200315)
  [4;35;1mSQL (20.4ms)[0m   [0mCREATE TABLE `questions` (`id` int(11) DEFAULT NULL auto_increment PRIMARY KEY, `group_form_id` int(11), `name` varchar(255), `code` varchar(255), `question_type_id` int(11), `sort_order` int(11), `header` varchar(255), `question_text` varchar(255), `textfield_size` varchar(255), `validation_text` varchar(255), `help_text` varchar(255), `created_at` datetime, `updated_at` datetime) ENGINE=InnoDB[0m
  [4;36;1mSQL (2.2ms)[0m   [0;1mINSERT INTO schema_migrations (version) VALUES ('20100111200315')[0m
Migrating to CreateAnswers (20100111200455)
  [4;36;1mSQL (0.6ms)[0m   [0;1mSET NAMES 'utf8'[0m
  [4;35;1mSQL (0.3ms)[0m   [0mSET SQL_AUTO_IS_NULL=0[0m
  [4;36;1mSQL (0.6ms)[0m   [0;1mSHOW TABLES[0m
  [4;35;1mSQL (0.7ms)[0m   [0mSELECT version FROM schema_migrations[0m
Migrating to CreateBaseForms (20100111195646)
Migrating to CreateGroupForms (20100111195926)
Migrating to CreateQuestions (20100111200315)
Migrating to CreateAnswers (20100111200455)
  [4;36;1mSQL (5.3ms)[0m   [0;1mCREATE TABLE `answers` (`id` int(11) DEFAULT NULL auto_increment PRIMARY KEY, `question_id` int(11), `name` varchar(255), `code` int(11), `answer_text` varchar(255), `sort_order` int(11), `created_at` datetime, `updated_at` datetime) ENGINE=InnoDB[0m
  [4;35;1mSQL (2.2ms)[0m   [0mINSERT INTO schema_migrations (version) VALUES ('20100111200455')[0m
Migrating to CreateSubQuestions (20100111200818)
  [4;36;1mSQL (6.3ms)[0m   [0;1mCREATE TABLE `sub_questions` (`id` int(11) DEFAULT NULL auto_increment PRIMARY KEY, `question_id` int(11), `name` varchar(255), `code` varchar(255), `question_type_id` int(11), `sort_order` int(11), `header` varchar(255), `question_text` varchar(255), `textfield_size` varchar(255), `validation_text` varchar(255), `help_text` varchar(255), `created_at` datetime, `updated_at` datetime) ENGINE=InnoDB[0m
  [4;35;1mSQL (0.9ms)[0m   [0mINSERT INTO schema_migrations (version) VALUES ('20100111200818')[0m
Migrating to CreateSubAnswers (20100111201002)
  [4;36;1mSQL (8.3ms)[0m   [0;1mCREATE TABLE `sub_answers` (`id` int(11) DEFAULT NULL auto_increment PRIMARY KEY, `sub_question_id` int(11), `name` varchar(255), `code` int(11), `answer_text` varchar(255), `sort_order` int(11), `created_at` datetime, `updated_at` datetime) ENGINE=InnoDB[0m
  [4;35;1mSQL (1.2ms)[0m   [0mINSERT INTO schema_migrations (version) VALUES ('20100111201002')[0m
Migrating to CreateQuestionTypes (20100111201134)
  [4;36;1mSQL (16.5ms)[0m   [0;1mCREATE TABLE `question_types` (`id` int(11) DEFAULT NULL auto_increment PRIMARY KEY, `name` varchar(255), `output_value` varchar(255), `created_at` datetime, `updated_at` datetime) ENGINE=InnoDB[0m
  [4;35;1mSQL (3.6ms)[0m   [0mINSERT INTO schema_migrations (version) VALUES ('20100111201134')[0m
  [4;36;1mSQL (0.8ms)[0m   [0;1mSHOW TABLES[0m
  [4;35;1mSQL (0.5ms)[0m   [0mSELECT version FROM schema_migrations[0m
  [4;36;1mSQL (0.4ms)[0m   [0;1mSHOW TABLES[0m
  [4;35;1mSQL (1.9ms)[0m   [0mSHOW FIELDS FROM `answers`[0m
  [4;36;1mSQL (1.1ms)[0m   [0;1mdescribe `answers`[0m
  [4;35;1mSQL (0.5ms)[0m   [0mSHOW KEYS FROM `answers`[0m
  [4;36;1mSQL (1.0ms)[0m   [0;1mSHOW FIELDS FROM `base_forms`[0m
  [4;35;1mSQL (1.6ms)[0m   [0mdescribe `base_forms`[0m
  [4;36;1mSQL (0.6ms)[0m   [0;1mSHOW KEYS FROM `base_forms`[0m
  [4;35;1mSQL (1.2ms)[0m   [0mSHOW FIELDS FROM `group_forms`[0m
  [4;36;1mSQL (1.0ms)[0m   [0;1mdescribe `group_forms`[0m
  [4;35;1mSQL (0.4ms)[0m   [0mSHOW KEYS FROM `group_forms`[0m
  [4;36;1mSQL (0.9ms)[0m   [0;1mSHOW FIELDS FROM `question_types`[0m
  [4;35;1mSQL (1.1ms)[0m   [0mdescribe `question_types`[0m
  [4;36;1mSQL (0.4ms)[0m   [0;1mSHOW KEYS FROM `question_types`[0m
  [4;35;1mSQL (1.5ms)[0m   [0mSHOW FIELDS FROM `questions`[0m
  [4;36;1mSQL (1.7ms)[0m   [0;1mdescribe `questions`[0m
  [4;35;1mSQL (0.4ms)[0m   [0mSHOW KEYS FROM `questions`[0m
  [4;36;1mSQL (1.1ms)[0m   [0;1mSHOW FIELDS FROM `sub_answers`[0m
  [4;35;1mSQL (0.9ms)[0m   [0mdescribe `sub_answers`[0m
  [4;36;1mSQL (0.5ms)[0m   [0;1mSHOW KEYS FROM `sub_answers`[0m
  [4;35;1mSQL (1.2ms)[0m   [0mSHOW FIELDS FROM `sub_questions`[0m
  [4;36;1mSQL (1.0ms)[0m   [0;1mdescribe `sub_questions`[0m
  [4;35;1mSQL (0.4ms)[0m   [0mSHOW KEYS FROM `sub_questions`[0m
  [4;36;1mSQL (0.5ms)[0m   [0;1mSET NAMES 'utf8'[0m
  [4;35;1mSQL (0.4ms)[0m   [0mSET SQL_AUTO_IS_NULL=0[0m
  [4;36;1mQuestion Columns (1.6ms)[0m   [0;1mSHOW FIELDS FROM `questions`[0m
  [4;35;1mBaseForm Columns (1.1ms)[0m   [0mSHOW FIELDS FROM `base_forms`[0m
  [4;36;1mSubAnswer Columns (1.0ms)[0m   [0;1mSHOW FIELDS FROM `sub_answers`[0m
  [4;35;1mSubQuestion Columns (1.1ms)[0m   [0mSHOW FIELDS FROM `sub_questions`[0m
  [4;36;1mAnswer Columns (0.9ms)[0m   [0;1mSHOW FIELDS FROM `answers`[0m
  [4;35;1mQuestionType Columns (0.8ms)[0m   [0mSHOW FIELDS FROM `question_types`[0m
  [4;36;1mGroupForm Columns (1.0ms)[0m   [0;1mSHOW FIELDS FROM `group_forms`[0m
  [4;36;1mSQL (0.0ms)[0m   [0;1mSET NAMES 'utf8'[0m
  [4;35;1mSQL (0.3ms)[0m   [0mSET SQL_AUTO_IS_NULL=0[0m
  [4;36;1mQuestion Columns (2.7ms)[0m   [0;1mSHOW FIELDS FROM `questions`[0m
  [4;35;1mBaseForm Columns (1.0ms)[0m   [0mSHOW FIELDS FROM `base_forms`[0m
  [4;36;1mSubAnswer Columns (1.4ms)[0m   [0;1mSHOW FIELDS FROM `sub_answers`[0m
  [4;35;1mSubQuestion Columns (1.1ms)[0m   [0mSHOW FIELDS FROM `sub_questions`[0m
  [4;36;1mAnswer Columns (0.9ms)[0m   [0;1mSHOW FIELDS FROM `answers`[0m
  [4;35;1mQuestionType Columns (0.8ms)[0m   [0mSHOW FIELDS FROM `question_types`[0m
  [4;36;1mGroupForm Columns (1.1ms)[0m   [0;1mSHOW FIELDS FROM `group_forms`[0m
  [4;36;1mSQL (0.4ms)[0m   [0;1mSET NAMES 'utf8'[0m
  [4;35;1mSQL (0.3ms)[0m   [0mSET SQL_AUTO_IS_NULL=0[0m
  [4;36;1mBaseForm Columns (3.0ms)[0m   [0;1mSHOW FIELDS FROM `base_forms`[0m


Processing BaseFormsController#index (for 127.0.0.1 at 2010-01-12 13:39:56) [GET]
  [4;35;1mSQL (0.8ms)[0m   [0mSELECT count(*) AS count_all FROM `base_forms` [0m
  [4;36;1mBaseForm Load (56.7ms)[0m   [0;1mSELECT `base_forms`.* FROM `base_forms` ORDER BY `base_forms`.`id` ASC LIMIT 0, 15[0m
  [4;35;1mCACHE (0.0ms)[0m   [0mSELECT `base_forms`.* FROM `base_forms` ORDER BY `base_forms`.`id` ASC LIMIT 0, 15[0m
Rendering template within layouts/base_forms
Rendering list
Rendered _list_header (40.8ms)
Rendered _list_column_headings (138.9ms)
Rendered _messages (2.1ms)
Rendered _list (166.1ms)
Completed in 408ms (View: 266, DB: 61) | 200 OK [http://localhost/base_forms]
  [4;36;1mSQL (0.4ms)[0m   [0;1mSET NAMES 'utf8'[0m
  [4;35;1mSQL (0.3ms)[0m   [0mSET SQL_AUTO_IS_NULL=0[0m


Processing ApplicationController#index (for 127.0.0.1 at 2010-01-12 13:41:25) [GET]

SyntaxError (/home/robert/rails/smerf_ui/app/controllers/base_forms_controller.rb:4: syntax error, unexpected kEND, expecting ']'):
  

Rendered rescues/_trace (54.6ms)
Rendered rescues/_request_and_response (2.4ms)
Rendering rescues/layout (internal_server_error)
  [4;36;1mSQL (0.6ms)[0m   [0;1mSET NAMES 'utf8'[0m
  [4;35;1mSQL (0.6ms)[0m   [0mSET SQL_AUTO_IS_NULL=0[0m
  [4;36;1mBaseForm Columns (4.0ms)[0m   [0;1mSHOW FIELDS FROM `base_forms`[0m


Processing BaseFormsController#index (for 127.0.0.1 at 2010-01-12 13:41:34) [GET]
  [4;35;1mSQL (1.8ms)[0m   [0mSELECT count(*) AS count_all FROM `base_forms` [0m
  [4;36;1mBaseForm Load (0.3ms)[0m   [0;1mSELECT `base_forms`.* FROM `base_forms` ORDER BY `base_forms`.`id` ASC LIMIT 0, 15[0m
  [4;35;1mCACHE (0.0ms)[0m   [0mSELECT `base_forms`.* FROM `base_forms` ORDER BY `base_forms`.`id` ASC LIMIT 0, 15[0m
Rendering template within layouts/base_forms
Rendering list
Rendered _list_header (7.2ms)
Rendered _list_column_headings (35.2ms)
Rendered _messages (2.7ms)
Rendered _list (57.2ms)
Completed in 179ms (View: 168, DB: 7) | 200 OK [http://localhost/base_forms]
  [4;36;1mSQL (0.6ms)[0m   [0;1mSET NAMES 'utf8'[0m
  [4;35;1mSQL (3.7ms)[0m   [0mSET SQL_AUTO_IS_NULL=0[0m
  [4;36;1mBaseForm Columns (1.2ms)[0m   [0;1mSHOW FIELDS FROM `base_forms`[0m


Processing BaseFormsController#new (for 127.0.0.1 at 2010-01-12 13:42:03) [GET]
  Parameters: {"adapter"=>"_list_inline_adapter"}
Rendered _form_attribute (3.3ms)
Rendered _form_attribute (2.0ms)
Rendered _form_attribute (2.0ms)
Rendered _form_attribute (2.0ms)
Rendered _form (24.8ms)
Rendered _create_form (45.7ms)
Rendered _messages (1.6ms)
Rendered _list_inline_adapter (13.2ms)
Completed in 87ms (View: 22, DB: 0) | 200 OK [http://localhost/base_forms/new?_method=get&adapter=_list_inline_adapter]
  [4;35;1mSQL (0.0ms)[0m   [0mSET NAMES 'utf8'[0m
  [4;36;1mSQL (0.0ms)[0m   [0;1mSET SQL_AUTO_IS_NULL=0[0m
  [4;35;1mBaseForm Columns (1.4ms)[0m   [0mSHOW FIELDS FROM `base_forms`[0m


Processing BaseFormsController#new (for 127.0.0.1 at 2010-01-12 13:42:12) [GET]
  Parameters: {"adapter"=>"_list_inline_adapter"}
Rendered _form_attribute (3.7ms)
Rendered _form_attribute (2.0ms)
Rendered _form_attribute (2.0ms)
Rendered _form_attribute (2.2ms)
Rendered _form (22.4ms)
Rendered _create_form (43.5ms)
Rendered _messages (2.2ms)
Rendered _list_inline_adapter (10.3ms)
Completed in 81ms (View: 16, DB: 0) | 200 OK [http://localhost/base_forms/new?_method=get&adapter=_list_inline_adapter]
  [4;36;1mSQL (0.7ms)[0m   [0;1mSET NAMES 'utf8'[0m
  [4;35;1mSQL (0.2ms)[0m   [0mSET SQL_AUTO_IS_NULL=0[0m
  [4;36;1mBaseForm Columns (1.6ms)[0m   [0;1mSHOW FIELDS FROM `base_forms`[0m


Processing BaseFormsController#create (for 127.0.0.1 at 2010-01-12 13:43:29) [POST]
  Parameters: {"commit"=>"Create", "authenticity_token"=>"CcUzzFxGU5akew0wW/+AlAtvwg5NFzsQg5tPhqOnLGI=", "record"=>{"name"=>"IT@C Project Survery", "thank_you"=>"Thank you for completing the IT@C Project Survery, someone from IT@C will contact you shortly to discuss your project. ", "welcome"=>"Welcome to the IT@C Project Survey, please complete the following to assist us in developing your project. ", "group_sort_order_field"=>"group"}}
  [4;35;1mSQL (1.2ms)[0m   [0mBEGIN[0m
  [4;36;1mBaseForm Create (122.3ms)[0m   [0;1mINSERT INTO `base_forms` (`name`, `thank_you`, `created_at`, `welcome`, `updated_at`, `group_sort_order_field`) VALUES('IT@C Project Survery', 'Thank you for completing the IT@C Project Survery, someone from IT@C will contact you shortly to discuss your project. ', '2010-01-12 18:43:29', 'Welcome to the IT@C Project Survey, please complete the following to assist us in developing your project. ', '2010-01-12 18:43:29', 'group')[0m
  [4;35;1mSQL (13.5ms)[0m   [0mCOMMIT[0m
Redirected to http://localhost:3000/base_forms?authenticity_token=CcUzzFxGU5akew0wW%2F%2BAlAtvwg5NFzsQg5tPhqOnLGI%3D&commit=Create&record%5Bgroup_sort_order_field%5D=group&record%5Bname%5D=IT%40C+Project+Survery&record%5Bthank_you%5D=Thank+you+for+completing+the+IT%40C+Project+Survery%2C+someone+from+IT%40C+will+contact+you+shortly+to+discuss+your+project.+&record%5Bwelcome%5D=Welcome+to+the+IT%40C+Project+Survey%2C+please+complete+the+following+to+assist+us+in+developing+your+project.+
Completed in 151ms (DB: 140) | 302 Found [http://localhost/base_forms/create]
  [4;36;1mSQL (0.0ms)[0m   [0;1mSET NAMES 'utf8'[0m
  [4;35;1mSQL (0.2ms)[0m   [0mSET SQL_AUTO_IS_NULL=0[0m
  [4;36;1mBaseForm Columns (1.2ms)[0m   [0;1mSHOW FIELDS FROM `base_forms`[0m


Processing BaseFormsController#index (for 127.0.0.1 at 2010-01-12 13:43:29) [GET]
  Parameters: {"commit"=>"Create", "authenticity_token"=>"CcUzzFxGU5akew0wW/+AlAtvwg5NFzsQg5tPhqOnLGI=", "record"=>{"name"=>"IT@C Project Survery", "thank_you"=>"Thank you for completing the IT@C Project Survery, someone from IT@C will contact you shortly to discuss your project. ", "welcome"=>"Welcome to the IT@C Project Survey, please complete the following to assist us in developing your project. ", "group_sort_order_field"=>"group"}}
  [4;35;1mSQL (1.6ms)[0m   [0mSELECT count(*) AS count_all FROM `base_forms` [0m
  [4;36;1mBaseForm Load (0.5ms)[0m   [0;1mSELECT `base_forms`.* FROM `base_forms` ORDER BY `base_forms`.`id` ASC LIMIT 0, 15[0m
Rendering template within layouts/base_forms
Rendering list
Rendered _list_header (9.5ms)
Rendered _list_column_headings (35.2ms)
Rendered _messages (2.1ms)
Rendered _list_actions (9.4ms)
Rendered _list_record (23.3ms)
Rendered _list (83.4ms)
Completed in 139ms (View: 128, DB: 4) | 200 OK [http://localhost/base_forms?authenticity_token=CcUzzFxGU5akew0wW%2F%2BAlAtvwg5NFzsQg5tPhqOnLGI%3D&commit=Create&record%5Bgroup_sort_order_field%5D=group&record%5Bname%5D=IT%40C+Project+Survery&record%5Bthank_you%5D=Thank+you+for+completing+the+IT%40C+Project+Survery%2C+someone+from+IT%40C+will+contact+you+shortly+to+discuss+your+project.+&record%5Bwelcome%5D=Welcome+to+the+IT%40C+Project+Survey%2C+please+complete+the+following+to+assist+us+in+developing+your+project.+]
  [4;35;1mSQL (9.8ms)[0m   [0mSET NAMES 'utf8'[0m
  [4;36;1mSQL (0.4ms)[0m   [0;1mSET SQL_AUTO_IS_NULL=0[0m
  [4;35;1mBaseForm Columns (1.8ms)[0m   [0mSHOW FIELDS FROM `base_forms`[0m


Processing BaseFormsController#index (for 127.0.0.1 at 2010-01-12 13:43:34) [GET]
  [4;36;1mSQL (1.0ms)[0m   [0;1mSELECT count(*) AS count_all FROM `base_forms` [0m
  [4;35;1mBaseForm Load (0.3ms)[0m   [0mSELECT `base_forms`.* FROM `base_forms` ORDER BY `base_forms`.`id` ASC LIMIT 0, 15[0m
Rendering template within layouts/base_forms
Rendering list
Rendered _list_header (8.4ms)
Rendered _list_column_headings (37.5ms)
Rendered _messages (2.4ms)
Rendered _list_actions (8.5ms)
Rendered _list_record (24.2ms)
Rendered _list (156.9ms)
Completed in 215ms (View: 205, DB: 13) | 200 OK [http://localhost/base_forms]
  [4;36;1mSQL (0.4ms)[0m   [0;1mSET NAMES 'utf8'[0m
  [4;35;1mSQL (0.4ms)[0m   [0mSET SQL_AUTO_IS_NULL=0[0m
  [4;36;1mBaseForm Columns (1.9ms)[0m   [0;1mSHOW FIELDS FROM `base_forms`[0m


Processing ApplicationController#index (for 127.0.0.1 at 2010-01-12 13:44:02) [GET]

NoMethodError (undefined method `group_forms' for BaseFormsController:Class):
  app/controllers/base_forms_controller.rb:3
  app/controllers/base_forms_controller.rb:2

Rendered rescues/_trace (72.2ms)
Rendered rescues/_request_and_response (0.6ms)
Rendering rescues/layout (internal_server_error)
  [4;35;1mSQL (0.3ms)[0m   [0mSET NAMES 'utf8'[0m
  [4;36;1mSQL (0.2ms)[0m   [0;1mSET SQL_AUTO_IS_NULL=0[0m
  [4;35;1mBaseForm Columns (5.2ms)[0m   [0mSHOW FIELDS FROM `base_forms`[0m


Processing BaseFormsController#index (for 127.0.0.1 at 2010-01-12 13:44:12) [GET]
  [4;36;1mSQL (0.9ms)[0m   [0;1mSELECT count(*) AS count_all FROM `base_forms` [0m
  [4;35;1mBaseForm Load (0.3ms)[0m   [0mSELECT `base_forms`.* FROM `base_forms` ORDER BY `base_forms`.`id` ASC LIMIT 0, 15[0m
  [4;36;1mGroupForm Load (0.8ms)[0m   [0;1mSELECT `group_forms`.* FROM `group_forms` WHERE (`group_forms`.base_form_id = 1) [0m
Rendering template within layouts/base_forms
Rendering list
Rendered _list_header (5.9ms)
Rendered _list_column_headings (44.7ms)
Rendered _messages (2.3ms)
  [4;35;1mGroupForm Columns (3.7ms)[0m   [0mSHOW FIELDS FROM `group_forms`[0m
Rendered _list_actions (8.4ms)
Rendered _list_record (38.6ms)
Rendered _list (108.0ms)
Completed in 178ms (View: 155, DB: 11) | 200 OK [http://localhost/base_forms]
  [4;36;1mSQL (0.3ms)[0m   [0;1mSET NAMES 'utf8'[0m
  [4;35;1mSQL (0.3ms)[0m   [0mSET SQL_AUTO_IS_NULL=0[0m
  [4;36;1mBaseForm Columns (1.5ms)[0m   [0;1mSHOW FIELDS FROM `base_forms`[0m


Processing BaseFormsController#index (for 127.0.0.1 at 2010-01-12 14:20:49) [GET]
  [4;35;1mSQL (1.7ms)[0m   [0mSELECT count(*) AS count_all FROM `base_forms` [0m
  [4;36;1mBaseForm Load (0.4ms)[0m   [0;1mSELECT `base_forms`.* FROM `base_forms` ORDER BY `base_forms`.`id` ASC LIMIT 0, 15[0m
Rendering template within layouts/base_forms
Rendering list
Rendered _list_header (7.7ms)
Rendered _list_column_headings (37.6ms)
Rendered _messages (2.1ms)

ActionView::TemplateError (undefined method `groups' for #<BaseForm:0xb65dc508>) on line #12 of vendor/plugins/active_scaffold/frontends/default/views/_list_record.html.erb:
9: <tr class="record <%= tr_class %>" id="<%= element_row_id(:action => :list, :id => record.id) %>">
10:   <% active_scaffold_config.list.columns.each do |column| %>
11:     <% authorized = record.authorized_for?(:action => :read, :column => column.name) -%>
12:     <% column_value = authorized ? get_column_value(record, column) : active_scaffold_config.list.empty_field_text -%>
13: 
14:     <td class="<%= column_class(column, column_value) %>" >
15:       <%= authorized ? render_list_column(column_value, column, record) : column_value %>

    vendor/plugins/active_scaffold/frontends/default/views/_list_record.html.erb:12
    vendor/plugins/active_scaffold/frontends/default/views/_list_record.html.erb:10
    vendor/plugins/active_scaffold/frontends/default/views/_list.html.erb:24
    vendor/plugins/active_scaffold/frontends/default/views/list.html.erb:30

Rendered rescues/_trace (118.3ms)
Rendered rescues/_request_and_response (0.7ms)
Rendering rescues/layout (internal_server_error)
  [4;35;1mSQL (0.4ms)[0m   [0mSET NAMES 'utf8'[0m
  [4;36;1mSQL (0.3ms)[0m   [0;1mSET SQL_AUTO_IS_NULL=0[0m
  [4;35;1mBaseForm Columns (3.4ms)[0m   [0mSHOW FIELDS FROM `base_forms`[0m


Processing BaseFormsController#index (for 127.0.0.1 at 2010-01-12 14:21:01) [GET]
  [4;36;1mSQL (0.6ms)[0m   [0;1mSELECT count(*) AS count_all FROM `base_forms` [0m
  [4;35;1mBaseForm Load (0.4ms)[0m   [0mSELECT `base_forms`.* FROM `base_forms` ORDER BY `base_forms`.`id` ASC LIMIT 0, 15[0m
  [4;36;1mGroupForm Load (0.3ms)[0m   [0;1mSELECT `group_forms`.* FROM `group_forms` WHERE (`group_forms`.base_form_id = 1) [0m
Rendering template within layouts/base_forms
Rendering list
Rendered _list_header (0.3ms)
Rendered _list_column_headings (52.7ms)
Rendered _messages (0.9ms)
  [4;35;1mGroupForm Columns (1.5ms)[0m   [0mSHOW FIELDS FROM `group_forms`[0m
Rendered _list_actions (9.6ms)
Rendered _list_record (348.8ms)
Rendered _list (431.5ms)
Completed in 496ms (View: 480, DB: 7) | 200 OK [http://localhost/base_forms]
  [4;36;1mSQL (0.0ms)[0m   [0;1mSET NAMES 'utf8'[0m
  [4;35;1mSQL (0.0ms)[0m   [0mSET SQL_AUTO_IS_NULL=0[0m
  [4;36;1mBaseForm Columns (1.6ms)[0m   [0;1mSHOW FIELDS FROM `base_forms`[0m


Processing BaseFormsController#nested (for 127.0.0.1 at 2010-01-12 14:21:08) [GET]
  Parameters: {"adapter"=>"_list_inline_adapter", "id"=>"1", "associations"=>"group_forms"}
  [4;35;1mBaseForm Load (27.8ms)[0m   [0mSELECT * FROM `base_forms` WHERE (`base_forms`.`id` = 1) [0m
  [4;36;1mGroupForm Columns (1.2ms)[0m   [0;1mSHOW FIELDS FROM `group_forms`[0m

ActionView::TemplateError (undefined method `render_component' for #<ActionView::Base:0xb67622d8>) on line #39 of vendor/plugins/active_scaffold/frontends/default/views/_nested.html.erb:
36:           :constraints => @constraints,
37:           :conditions => association.options[:conditions],
38:           :label => h(@label),
39:           :params => {:nested => true, :parent_column => column_name, :parent_model => association.active_record}
40:         )
41:       end
42:     end

    vendor/plugins/active_scaffold/frontends/default/views/_nested.html.erb:39
    vendor/plugins/active_scaffold/frontends/default/views/_nested.html.erb:11:in `each'
    vendor/plugins/active_scaffold/frontends/default/views/_nested.html.erb:11

Rendered rescues/_trace (87.7ms)
Rendered rescues/_request_and_response (0.6ms)
Rendering rescues/layout (internal_server_error)
  [4;35;1mSQL (0.4ms)[0m   [0mSET NAMES 'utf8'[0m
  [4;36;1mSQL (0.3ms)[0m   [0;1mSET SQL_AUTO_IS_NULL=0[0m
  [4;35;1mBaseForm Columns (3.5ms)[0m   [0mSHOW FIELDS FROM `base_forms`[0m


Processing ApplicationController#index (for 127.0.0.1 at 2010-01-12 14:26:05) [GET]

NoMethodError (undefined method `action' for BaseFormsController:Class):
  app/controllers/base_forms_controller.rb:4
  app/controllers/base_forms_controller.rb:2

Rendered rescues/_trace (61.2ms)
Rendered rescues/_request_and_response (0.6ms)
Rendering rescues/layout (internal_server_error)
  [4;36;1mSQL (0.3ms)[0m   [0;1mSET NAMES 'utf8'[0m
  [4;35;1mSQL (0.3ms)[0m   [0mSET SQL_AUTO_IS_NULL=0[0m
  [4;36;1mBaseForm Columns (3.5ms)[0m   [0;1mSHOW FIELDS FROM `base_forms`[0m


Processing ApplicationController#index (for 127.0.0.1 at 2010-01-12 14:27:16) [GET]

NoMethodError (undefined method `action' for BaseFormsController:Class):
  app/controllers/base_forms_controller.rb:4
  app/controllers/base_forms_controller.rb:2

Rendered rescues/_trace (59.8ms)
Rendered rescues/_request_and_response (0.5ms)
Rendering rescues/layout (internal_server_error)
  [4;35;1mSQL (0.3ms)[0m   [0mSET NAMES 'utf8'[0m
  [4;36;1mSQL (0.3ms)[0m   [0;1mSET SQL_AUTO_IS_NULL=0[0m
  [4;35;1mBaseForm Columns (2.0ms)[0m   [0mSHOW FIELDS FROM `base_forms`[0m


Processing BaseFormsController#index (for 127.0.0.1 at 2010-01-12 14:27:39) [GET]
  [4;36;1mSQL (0.5ms)[0m   [0;1mSELECT count(*) AS count_all FROM `base_forms` [0m
  [4;35;1mBaseForm Load (0.3ms)[0m   [0mSELECT `base_forms`.* FROM `base_forms` ORDER BY `base_forms`.`id` ASC LIMIT 0, 15[0m
Rendering template within layouts/base_forms
Rendering list
Rendered _list_header (10.2ms)
Rendered _list_column_headings (34.5ms)
Rendered _messages (2.9ms)
Rendered _list_actions (10.2ms)
Rendered _list_record (24.6ms)
Rendered _list (82.4ms)
Completed in 140ms (View: 129, DB: 3) | 200 OK [http://localhost/base_forms]
  [4;36;1mSQL (0.0ms)[0m   [0;1mSET NAMES 'utf8'[0m
  [4;35;1mSQL (0.0ms)[0m   [0mSET SQL_AUTO_IS_NULL=0[0m
  [4;36;1mBaseForm Columns (1.6ms)[0m   [0;1mSHOW FIELDS FROM `base_forms`[0m


Processing BaseFormsController#index (for 127.0.0.1 at 2010-01-12 14:29:37) [GET]
  [4;35;1mSQL (0.6ms)[0m   [0mSELECT count(*) AS count_all FROM `base_forms` [0m
  [4;36;1mBaseForm Load (0.4ms)[0m   [0;1mSELECT `base_forms`.* FROM `base_forms` ORDER BY `base_forms`.`id` ASC LIMIT 0, 15[0m
Rendering template within layouts/base_forms
Rendering list
Rendered _list_header (8.3ms)
Rendered _list_column_headings (37.1ms)
Rendered _messages (1.9ms)
Rendered _list_actions (12.0ms)
Rendered _list_record (26.7ms)
Rendered _list (89.3ms)
Completed in 206ms (View: 152, DB: 3) | 200 OK [http://localhost/base_forms]
  [4;35;1mSQL (0.4ms)[0m   [0mSET NAMES 'utf8'[0m
  [4;36;1mSQL (0.4ms)[0m   [0;1mSET SQL_AUTO_IS_NULL=0[0m
  [4;35;1mBaseForm Columns (1.3ms)[0m   [0mSHOW FIELDS FROM `base_forms`[0m


Processing BaseFormsController#index (for 127.0.0.1 at 2010-01-12 14:29:46) [GET]
  [4;36;1mSQL (2.0ms)[0m   [0;1mSELECT count(*) AS count_all FROM `base_forms` [0m
  [4;35;1mBaseForm Load (1.6ms)[0m   [0mSELECT `base_forms`.* FROM `base_forms` ORDER BY `base_forms`.`id` ASC LIMIT 0, 15[0m
Rendering template within layouts/base_forms
Rendering list
Rendered _list_header (10.2ms)
Rendered _list_column_headings (95.7ms)
Rendered _messages (2.2ms)

ActionView::TemplateError (undefined method `groups' for #<BaseForm:0xb65f1214>) on line #12 of vendor/plugins/active_scaffold/frontends/default/views/_list_record.html.erb:
9: <tr class="record <%= tr_class %>" id="<%= element_row_id(:action => :list, :id => record.id) %>">
10:   <% active_scaffold_config.list.columns.each do |column| %>
11:     <% authorized = record.authorized_for?(:action => :read, :column => column.name) -%>
12:     <% column_value = authorized ? get_column_value(record, column) : active_scaffold_config.list.empty_field_text -%>
13: 
14:     <td class="<%= column_class(column, column_value) %>" >
15:       <%= authorized ? render_list_column(column_value, column, record) : column_value %>

    vendor/plugins/active_scaffold/frontends/default/views/_list_record.html.erb:12
    vendor/plugins/active_scaffold/frontends/default/views/_list_record.html.erb:10
    vendor/plugins/active_scaffold/frontends/default/views/_list.html.erb:24
    vendor/plugins/active_scaffold/frontends/default/views/list.html.erb:30

Rendered rescues/_trace (148.3ms)
Rendered rescues/_request_and_response (0.6ms)
Rendering rescues/layout (internal_server_error)
  [4;36;1mSQL (0.0ms)[0m   [0;1mSET NAMES 'utf8'[0m
  [4;35;1mSQL (0.0ms)[0m   [0mSET SQL_AUTO_IS_NULL=0[0m
  [4;36;1mBaseForm Columns (3.9ms)[0m   [0;1mSHOW FIELDS FROM `base_forms`[0m


Processing ApplicationController#index (for 127.0.0.1 at 2010-01-12 14:30:37) [GET]

NoMethodError (undefined method `action_links=' for BaseFormsController:Class):
  app/controllers/base_forms_controller.rb:5
  app/controllers/base_forms_controller.rb:2

Rendered rescues/_trace (65.7ms)
Rendered rescues/_request_and_response (0.5ms)
Rendering rescues/layout (internal_server_error)
  [4;35;1mSQL (0.4ms)[0m   [0mSET NAMES 'utf8'[0m
  [4;36;1mSQL (0.3ms)[0m   [0;1mSET SQL_AUTO_IS_NULL=0[0m
  [4;35;1mBaseForm Columns (4.2ms)[0m   [0mSHOW FIELDS FROM `base_forms`[0m


Processing ApplicationController#index (for 127.0.0.1 at 2010-01-12 14:30:53) [GET]

NoMethodError (undefined method `show=' for #<ActiveScaffold::DataStructures::ActionLinks:0xb66a12e0>):
  app/controllers/base_forms_controller.rb:5
  app/controllers/base_forms_controller.rb:2

Rendered rescues/_trace (60.5ms)
Rendered rescues/_request_and_response (0.6ms)
Rendering rescues/layout (internal_server_error)
  [4;36;1mSQL (0.3ms)[0m   [0;1mSET NAMES 'utf8'[0m
  [4;35;1mSQL (0.4ms)[0m   [0mSET SQL_AUTO_IS_NULL=0[0m
  [4;36;1mBaseForm Columns (1.1ms)[0m   [0;1mSHOW FIELDS FROM `base_forms`[0m


Processing ApplicationController#index (for 127.0.0.1 at 2010-01-12 14:31:00) [GET]

NoMethodError (undefined method `action_links=' for BaseFormsController:Class):
  app/controllers/base_forms_controller.rb:5
  app/controllers/base_forms_controller.rb:2

Rendered rescues/_trace (70.2ms)
Rendered rescues/_request_and_response (1.1ms)
Rendering rescues/layout (internal_server_error)
  [4;35;1mSQL (0.3ms)[0m   [0mSET NAMES 'utf8'[0m
  [4;36;1mSQL (0.2ms)[0m   [0;1mSET SQL_AUTO_IS_NULL=0[0m
  [4;35;1mBaseForm Columns (1.6ms)[0m   [0mSHOW FIELDS FROM `base_forms`[0m


Processing BaseFormsController#index (for 127.0.0.1 at 2010-01-12 14:31:53) [GET]
  [4;36;1mSQL (1.2ms)[0m   [0;1mSELECT count(*) AS count_all FROM `base_forms` [0m
  [4;35;1mBaseForm Load (1.6ms)[0m   [0mSELECT `base_forms`.* FROM `base_forms` ORDER BY `base_forms`.`id` ASC LIMIT 0, 15[0m
Rendering template within layouts/base_forms
Rendering list
Rendered _list_header (8.1ms)
Rendered _list_column_headings (35.7ms)
Rendered _messages (2.7ms)
Rendered _list_actions (9.3ms)
Rendered _list_record (24.0ms)
Rendered _list (83.1ms)
Completed in 142ms (View: 131, DB: 5) | 200 OK [http://localhost/base_forms]
  [4;36;1mSQL (0.3ms)[0m   [0;1mSET NAMES 'utf8'[0m
  [4;35;1mSQL (0.5ms)[0m   [0mSET SQL_AUTO_IS_NULL=0[0m
  [4;36;1mBaseForm Columns (1.6ms)[0m   [0;1mSHOW FIELDS FROM `base_forms`[0m


Processing ApplicationController#index (for 127.0.0.1 at 2010-01-12 14:34:17) [GET]

NoMethodError (undefined method `join' for #<Hash:0xb6726b48>):
  app/controllers/base_forms_controller.rb:4
  app/controllers/base_forms_controller.rb:2

Rendered rescues/_trace (63.2ms)
Rendered rescues/_request_and_response (0.5ms)
Rendering rescues/layout (internal_server_error)
  [4;35;1mSQL (0.3ms)[0m   [0mSET NAMES 'utf8'[0m
  [4;36;1mSQL (0.2ms)[0m   [0;1mSET SQL_AUTO_IS_NULL=0[0m


Processing ApplicationController#index (for 127.0.0.1 at 2010-01-12 14:35:27) [GET]

SyntaxError (/home/robert/rails/smerf_ui/app/controllers/base_forms_controller.rb:5: syntax error, unexpected ']', expecting kEND
	config.nested.add_link 'Groups', :group_forms]
	                                              ^):
  

Rendered rescues/_trace (52.3ms)
Rendered rescues/_request_and_response (0.5ms)
Rendering rescues/layout (internal_server_error)
  [4;35;1mSQL (0.3ms)[0m   [0mSET NAMES 'utf8'[0m
  [4;36;1mSQL (0.5ms)[0m   [0;1mSET SQL_AUTO_IS_NULL=0[0m
  [4;35;1mBaseForm Columns (1.9ms)[0m   [0mSHOW FIELDS FROM `base_forms`[0m


Processing BaseFormsController#index (for 127.0.0.1 at 2010-01-12 14:35:59) [GET]
  [4;36;1mSQL (1.5ms)[0m   [0;1mSELECT count(*) AS count_all FROM `base_forms` [0m
  [4;35;1mBaseForm Load (0.2ms)[0m   [0mSELECT `base_forms`.* FROM `base_forms` ORDER BY `base_forms`.`id` ASC LIMIT 0, 15[0m
Rendering template within layouts/base_forms
Rendering list
Rendered _list_header (3.6ms)
Rendered _list_column_headings (37.8ms)
Rendered _messages (4.7ms)
Rendered _list_actions (6.7ms)
Rendered _list_record (21.8ms)
Rendered _list (81.2ms)
Completed in 137ms (View: 125, DB: 4) | 200 OK [http://localhost/base_forms]
  [4;36;1mSQL (0.5ms)[0m   [0;1mSET NAMES 'utf8'[0m
  [4;35;1mSQL (0.4ms)[0m   [0mSET SQL_AUTO_IS_NULL=0[0m
  [4;36;1mBaseForm Columns (3.0ms)[0m   [0;1mSHOW FIELDS FROM `base_forms`[0m


Processing BaseFormsController#nested (for 127.0.0.1 at 2010-01-12 14:36:02) [GET]
  Parameters: {"adapter"=>"_list_inline_adapter", "id"=>"1", "associations"=>"group_forms"}
  [4;35;1mBaseForm Load (0.5ms)[0m   [0mSELECT * FROM `base_forms` WHERE (`base_forms`.`id` = 1) [0m
  [4;36;1mGroupForm Columns (1.2ms)[0m   [0;1mSHOW FIELDS FROM `group_forms`[0m

ActionView::TemplateError (undefined method `render_component' for #<ActionView::Base:0xb65b3054>) on line #39 of vendor/plugins/active_scaffold/frontends/default/views/_nested.html.erb:
36:           :constraints => @constraints,
37:           :conditions => association.options[:conditions],
38:           :label => h(@label),
39:           :params => {:nested => true, :parent_column => column_name, :parent_model => association.active_record}
40:         )
41:       end
42:     end

    vendor/plugins/active_scaffold/frontends/default/views/_nested.html.erb:39
    vendor/plugins/active_scaffold/frontends/default/views/_nested.html.erb:11:in `each'
    vendor/plugins/active_scaffold/frontends/default/views/_nested.html.erb:11

Rendered rescues/_trace (89.7ms)
Rendered rescues/_request_and_response (0.6ms)
Rendering rescues/layout (internal_server_error)
  [4;35;1mSQL (0.4ms)[0m   [0mSET NAMES 'utf8'[0m
  [4;36;1mSQL (0.3ms)[0m   [0;1mSET SQL_AUTO_IS_NULL=0[0m
  [4;35;1mGroupForm Columns (1.5ms)[0m   [0mSHOW FIELDS FROM `group_forms`[0m
  [4;36;1mBaseForm Columns (1.0ms)[0m   [0;1mSHOW FIELDS FROM `base_forms`[0m


Processing GroupFormsController#index (for 127.0.0.1 at 2010-01-12 14:36:09) [GET]
  [4;35;1mSQL (2.3ms)[0m   [0mSELECT count(*) AS count_all FROM `group_forms` [0m
  [4;36;1mGroupForm Load (0.5ms)[0m   [0;1mSELECT `group_forms`.* FROM `group_forms` ORDER BY `group_forms`.`id` ASC LIMIT 0, 15[0m
  [4;35;1mCACHE (0.0ms)[0m   [0mSELECT `group_forms`.* FROM `group_forms` ORDER BY `group_forms`.`id` ASC LIMIT 0, 15[0m
Rendering template within layouts/group_forms
Rendering list
Rendered _list_header (6.7ms)
Rendered _list_column_headings (76.1ms)
Rendered _messages (2.0ms)
Rendered _list (94.4ms)
Completed in 183ms (View: 169, DB: 6) | 200 OK [http://localhost/group_forms]
  [4;36;1mSQL (0.0ms)[0m   [0;1mSET NAMES 'utf8'[0m
  [4;35;1mSQL (0.0ms)[0m   [0mSET SQL_AUTO_IS_NULL=0[0m
  [4;36;1mGroupForm Columns (2.0ms)[0m   [0;1mSHOW FIELDS FROM `group_forms`[0m
  [4;35;1mBaseForm Columns (1.9ms)[0m   [0mSHOW FIELDS FROM `base_forms`[0m


Processing GroupFormsController#index (for 127.0.0.1 at 2010-01-12 14:37:19) [GET]
  [4;36;1mSQL (2.6ms)[0m   [0;1mSELECT count(*) AS count_all FROM `group_forms` [0m
  [4;35;1mGroupForm Load (1.9ms)[0m   [0mSELECT `group_forms`.* FROM `group_forms` ORDER BY `group_forms`.`id` ASC LIMIT 0, 15[0m
  [4;36;1mCACHE (0.0ms)[0m   [0;1mSELECT `group_forms`.* FROM `group_forms` ORDER BY `group_forms`.`id` ASC LIMIT 0, 15[0m
Rendering template within layouts/group_forms
Rendering list
Rendered _list_header (8.6ms)
Rendered _list_column_headings (28.5ms)
Rendered _messages (2.4ms)
Rendered _list (52.6ms)
Completed in 181ms (View: 102, DB: 8) | 200 OK [http://localhost/group_forms]
  [4;35;1mSQL (0.3ms)[0m   [0mSET NAMES 'utf8'[0m
  [4;36;1mSQL (0.2ms)[0m   [0;1mSET SQL_AUTO_IS_NULL=0[0m
  [4;35;1mGroupForm Columns (1.9ms)[0m   [0mSHOW FIELDS FROM `group_forms`[0m
  [4;36;1mBaseForm Columns (2.9ms)[0m   [0;1mSHOW FIELDS FROM `base_forms`[0m


Processing GroupFormsController#index (for 127.0.0.1 at 2010-01-12 14:38:05) [GET]
  [4;35;1mSQL (2.7ms)[0m   [0mSELECT count(*) AS count_all FROM `group_forms` [0m
  [4;36;1mGroupForm Load (0.3ms)[0m   [0;1mSELECT `group_forms`.* FROM `group_forms` ORDER BY `group_forms`.`id` ASC LIMIT 0, 15[0m
  [4;35;1mCACHE (0.0ms)[0m   [0mSELECT `group_forms`.* FROM `group_forms` ORDER BY `group_forms`.`id` ASC LIMIT 0, 15[0m
Rendering template within layouts/group_forms
Rendering list
Rendered _list_header (6.7ms)
Rendered _list_column_headings (30.1ms)
Rendered _messages (2.2ms)
Rendered _list (108.3ms)
Completed in 166ms (View: 154, DB: 8) | 200 OK [http://localhost/group_forms]
  [4;36;1mSQL (0.3ms)[0m   [0;1mSET NAMES 'utf8'[0m
  [4;35;1mSQL (0.4ms)[0m   [0mSET SQL_AUTO_IS_NULL=0[0m
  [4;36;1mBaseForm Columns (1.3ms)[0m   [0;1mSHOW FIELDS FROM `base_forms`[0m


Processing BaseFormsController#nested (for 127.0.0.1 at 2010-01-12 14:38:18) [GET]
  Parameters: {"adapter"=>"_list_inline_adapter", "id"=>"1", "associations"=>"group_forms"}
  [4;35;1mBaseForm Load (2.5ms)[0m   [0mSELECT * FROM `base_forms` WHERE (`base_forms`.`id` = 1) [0m
  [4;36;1mGroupForm Columns (1.2ms)[0m   [0;1mSHOW FIELDS FROM `group_forms`[0m

ActionView::TemplateError (undefined method `render_component' for #<ActionView::Base:0xb66aa2c8>) on line #39 of vendor/plugins/active_scaffold/frontends/default/views/_nested.html.erb:
36:           :constraints => @constraints,
37:           :conditions => association.options[:conditions],
38:           :label => h(@label),
39:           :params => {:nested => true, :parent_column => column_name, :parent_model => association.active_record}
40:         )
41:       end
42:     end

    vendor/plugins/active_scaffold/frontends/default/views/_nested.html.erb:39
    vendor/plugins/active_scaffold/frontends/default/views/_nested.html.erb:11:in `each'
    vendor/plugins/active_scaffold/frontends/default/views/_nested.html.erb:11

Rendered rescues/_trace (148.4ms)
Rendered rescues/_request_and_response (0.6ms)
Rendering rescues/layout (internal_server_error)
  [4;35;1mSQL (0.4ms)[0m   [0mSET NAMES 'utf8'[0m
  [4;36;1mSQL (0.4ms)[0m   [0;1mSET SQL_AUTO_IS_NULL=0[0m
  [4;35;1mBaseForm Columns (1.6ms)[0m   [0mSHOW FIELDS FROM `base_forms`[0m


Processing BaseFormsController#nested (for 127.0.0.1 at 2010-01-12 14:38:30) [GET]
  Parameters: {"id"=>"1", "associations"=>"group_forms"}
  [4;36;1mBaseForm Load (2.8ms)[0m   [0;1mSELECT * FROM `base_forms` WHERE (`base_forms`.`id` = 1) [0m
Rendering template within layouts/base_forms
  [4;35;1mGroupForm Columns (1.4ms)[0m   [0mSHOW FIELDS FROM `group_forms`[0m

ActionView::TemplateError (undefined method `render_component' for #<ActionView::Base:0xb665b1a0>) on line #39 of vendor/plugins/active_scaffold/frontends/default/views/_nested.html.erb:
36:           :constraints => @constraints,
37:           :conditions => association.options[:conditions],
38:           :label => h(@label),
39:           :params => {:nested => true, :parent_column => column_name, :parent_model => association.active_record}
40:         )
41:       end
42:     end

    vendor/plugins/active_scaffold/frontends/default/views/_nested.html.erb:39
    vendor/plugins/active_scaffold/frontends/default/views/_nested.html.erb:11:in `each'
    vendor/plugins/active_scaffold/frontends/default/views/_nested.html.erb:11

Rendered rescues/_trace (167.1ms)
Rendered rescues/_request_and_response (0.6ms)
Rendering rescues/layout (internal_server_error)
/!\ FAILSAFE /!\  Wed Jan 13 14:11:21 -0500 2010
  Status: 500 Internal Server Error
  Access denied for user 'root'@'localhost' (using password: YES)
    /usr/lib/ruby/gems/1.8/gems/activerecord-2.3.5/lib/active_record/connection_adapters/mysql_adapter.rb:589:in `real_connect'
    /usr/lib/ruby/gems/1.8/gems/activerecord-2.3.5/lib/active_record/connection_adapters/mysql_adapter.rb:589:in `connect'
    /usr/lib/ruby/gems/1.8/gems/activerecord-2.3.5/lib/active_record/connection_adapters/mysql_adapter.rb:203:in `initialize'
    /usr/lib/ruby/gems/1.8/gems/activerecord-2.3.5/lib/active_record/connection_adapters/mysql_adapter.rb:75:in `new'
    /usr/lib/ruby/gems/1.8/gems/activerecord-2.3.5/lib/active_record/connection_adapters/mysql_adapter.rb:75:in `mysql_connection'
    /usr/lib/ruby/gems/1.8/gems/activerecord-2.3.5/lib/active_record/connection_adapters/abstract/connection_pool.rb:223:in `send'
    /usr/lib/ruby/gems/1.8/gems/activerecord-2.3.5/lib/active_record/connection_adapters/abstract/connection_pool.rb:223:in `new_connection'
    /usr/lib/ruby/gems/1.8/gems/activerecord-2.3.5/lib/active_record/connection_adapters/abstract/connection_pool.rb:245:in `checkout_new_connection'
    /usr/lib/ruby/gems/1.8/gems/activerecord-2.3.5/lib/active_record/connection_adapters/abstract/connection_pool.rb:188:in `checkout'
    /usr/lib/ruby/gems/1.8/gems/activerecord-2.3.5/lib/active_record/connection_adapters/abstract/connection_pool.rb:184:in `loop'
    /usr/lib/ruby/gems/1.8/gems/activerecord-2.3.5/lib/active_record/connection_adapters/abstract/connection_pool.rb:184:in `checkout'
    /usr/lib/ruby/1.8/monitor.rb:242:in `synchronize'
    /usr/lib/ruby/gems/1.8/gems/activerecord-2.3.5/lib/active_record/connection_adapters/abstract/connection_pool.rb:183:in `checkout'
    /usr/lib/ruby/gems/1.8/gems/activerecord-2.3.5/lib/active_record/connection_adapters/abstract/connection_pool.rb:98:in `connection'
    /usr/lib/ruby/gems/1.8/gems/activerecord-2.3.5/lib/active_record/connection_adapters/abstract/connection_pool.rb:326:in `retrieve_connection'
    /usr/lib/ruby/gems/1.8/gems/activerecord-2.3.5/lib/active_record/connection_adapters/abstract/connection_specification.rb:123:in `retrieve_connection'
    /usr/lib/ruby/gems/1.8/gems/activerecord-2.3.5/lib/active_record/connection_adapters/abstract/connection_specification.rb:115:in `connection'
    /usr/lib/ruby/gems/1.8/gems/activerecord-2.3.5/lib/active_record/query_cache.rb:9:in `cache'
    /usr/lib/ruby/gems/1.8/gems/activerecord-2.3.5/lib/active_record/query_cache.rb:28:in `call'
    /usr/lib/ruby/gems/1.8/gems/activerecord-2.3.5/lib/active_record/connection_adapters/abstract/connection_pool.rb:361:in `call'
    /usr/lib/ruby/gems/1.8/gems/actionpack-2.3.5/lib/action_controller/string_coercion.rb:25:in `call'
    /usr/lib/ruby/gems/1.8/gems/rack-1.0.1/lib/rack/head.rb:9:in `call'
    /usr/lib/ruby/gems/1.8/gems/rack-1.0.1/lib/rack/methodoverride.rb:24:in `call'
    /usr/lib/ruby/gems/1.8/gems/actionpack-2.3.5/lib/action_controller/params_parser.rb:15:in `call'
    /usr/lib/ruby/gems/1.8/gems/actionpack-2.3.5/lib/action_controller/session/cookie_store.rb:93:in `call'
    /usr/lib/ruby/gems/1.8/gems/actionpack-2.3.5/lib/action_controller/failsafe.rb:26:in `call'
    /usr/lib/ruby/gems/1.8/gems/rack-1.0.1/lib/rack/lock.rb:11:in `call'
    /usr/lib/ruby/gems/1.8/gems/rack-1.0.1/lib/rack/lock.rb:11:in `synchronize'
    /usr/lib/ruby/gems/1.8/gems/rack-1.0.1/lib/rack/lock.rb:11:in `call'
    /usr/lib/ruby/gems/1.8/gems/actionpack-2.3.5/lib/action_controller/dispatcher.rb:114:in `call'
    /usr/lib/ruby/gems/1.8/gems/actionpack-2.3.5/lib/action_controller/reloader.rb:34:in `run'
    /usr/lib/ruby/gems/1.8/gems/actionpack-2.3.5/lib/action_controller/dispatcher.rb:108:in `call'
    /usr/lib/ruby/gems/1.8/gems/rails-2.3.5/lib/rails/rack/static.rb:31:in `call'
    /usr/lib/ruby/gems/1.8/gems/rack-1.0.1/lib/rack/urlmap.rb:46:in `call'
    /usr/lib/ruby/gems/1.8/gems/rack-1.0.1/lib/rack/urlmap.rb:40:in `each'
    /usr/lib/ruby/gems/1.8/gems/rack-1.0.1/lib/rack/urlmap.rb:40:in `call'
    /usr/lib/ruby/gems/1.8/gems/rails-2.3.5/lib/rails/rack/log_tailer.rb:17:in `call'
    /usr/lib/ruby/gems/1.8/gems/rack-1.0.1/lib/rack/content_length.rb:13:in `call'
    /usr/lib/ruby/gems/1.8/gems/rack-1.0.1/lib/rack/chunked.rb:15:in `call'
    /usr/lib/ruby/gems/1.8/gems/rack-1.0.1/lib/rack/handler/mongrel.rb:64:in `process'
    /usr/lib/ruby/gems/1.8/gems/mongrel-1.1.5/lib/mongrel.rb:159:in `process_client'
    /usr/lib/ruby/gems/1.8/gems/mongrel-1.1.5/lib/mongrel.rb:158:in `each'
    /usr/lib/ruby/gems/1.8/gems/mongrel-1.1.5/lib/mongrel.rb:158:in `process_client'
    /usr/lib/ruby/gems/1.8/gems/mongrel-1.1.5/lib/mongrel.rb:285:in `run'
    /usr/lib/ruby/gems/1.8/gems/mongrel-1.1.5/lib/mongrel.rb:285:in `initialize'
    /usr/lib/ruby/gems/1.8/gems/mongrel-1.1.5/lib/mongrel.rb:285:in `new'
    /usr/lib/ruby/gems/1.8/gems/mongrel-1.1.5/lib/mongrel.rb:285:in `run'
    /usr/lib/ruby/gems/1.8/gems/mongrel-1.1.5/lib/mongrel.rb:268:in `initialize'
    /usr/lib/ruby/gems/1.8/gems/mongrel-1.1.5/lib/mongrel.rb:268:in `new'
    /usr/lib/ruby/gems/1.8/gems/mongrel-1.1.5/lib/mongrel.rb:268:in `run'
    /usr/lib/ruby/gems/1.8/gems/rack-1.0.1/lib/rack/handler/mongrel.rb:34:in `run'
    /usr/lib/ruby/gems/1.8/gems/rails-2.3.5/lib/commands/server.rb:111
    /usr/local/lib/site_ruby/1.8/rubygems/custom_require.rb:31:in `gem_original_require'
    /usr/local/lib/site_ruby/1.8/rubygems/custom_require.rb:31:in `require'
    script/server:3
  [4;36;1mSQL (0.1ms)[0m   [0;1mSET NAMES 'utf8'[0m
  [4;35;1mSQL (0.0ms)[0m   [0mSET SQL_AUTO_IS_NULL=0[0m
  [4;36;1mSQL (0.2ms)[0m   [0;1mSHOW TABLES[0m
  [4;35;1mSQL (11.3ms)[0m   [0mCREATE TABLE `schema_migrations` (`version` varchar(255) NOT NULL) ENGINE=InnoDB[0m
  [4;36;1mSQL (18.1ms)[0m   [0;1mCREATE UNIQUE INDEX `unique_schema_migrations` ON `schema_migrations` (`version`)[0m
  [4;35;1mSQL (0.2ms)[0m   [0mSHOW TABLES[0m
  [4;36;1mSQL (0.2ms)[0m   [0;1mSELECT version FROM schema_migrations[0m
Migrating to CreateBaseForms (20100111195646)
  [4;35;1mSQL (3.4ms)[0m   [0mCREATE TABLE `base_forms` (`id` int(11) DEFAULT NULL auto_increment PRIMARY KEY, `name` varchar(255), `welcome` varchar(255), `thank_you` varchar(255), `group_sort_order_field` varchar(255), `created_at` datetime, `updated_at` datetime) ENGINE=InnoDB[0m
  [4;36;1mSQL (0.5ms)[0m   [0;1mINSERT INTO schema_migrations (version) VALUES ('20100111195646')[0m
Migrating to CreateGroupForms (20100111195926)
  [4;35;1mSQL (4.5ms)[0m   [0mCREATE TABLE `group_forms` (`id` int(11) DEFAULT NULL auto_increment PRIMARY KEY, `base_form_id` int(11), `group_name` varchar(255), `code` int(11), `long_name` varchar(255), `desc` varchar(255), `question_sort_order_field` varchar(255), `created_at` datetime, `updated_at` datetime) ENGINE=InnoDB[0m
  [4;36;1mSQL (0.4ms)[0m   [0;1mINSERT INTO schema_migrations (version) VALUES ('20100111195926')[0m
Migrating to CreateQuestions (20100111200315)
  [4;35;1mSQL (3.5ms)[0m   [0mCREATE TABLE `questions` (`id` int(11) DEFAULT NULL auto_increment PRIMARY KEY, `group_form_id` int(11), `name` varchar(255), `code` varchar(255), `question_type_id` int(11), `sort_order` int(11), `header` varchar(255), `question_text` varchar(255), `textfield_size` varchar(255), `validation_text` varchar(255), `help_text` varchar(255), `created_at` datetime, `updated_at` datetime) ENGINE=InnoDB[0m
  [4;36;1mSQL (0.4ms)[0m   [0;1mINSERT INTO schema_migrations (version) VALUES ('20100111200315')[0m
Migrating to CreateAnswers (20100111200455)
  [4;35;1mSQL (10.4ms)[0m   [0mCREATE TABLE `answers` (`id` int(11) DEFAULT NULL auto_increment PRIMARY KEY, `question_id` int(11), `name` varchar(255), `code` int(11), `answer_text` varchar(255), `sort_order` int(11), `created_at` datetime, `updated_at` datetime) ENGINE=InnoDB[0m
  [4;36;1mSQL (0.4ms)[0m   [0;1mINSERT INTO schema_migrations (version) VALUES ('20100111200455')[0m
Migrating to CreateSubQuestions (20100111200818)
  [4;35;1mSQL (3.5ms)[0m   [0mCREATE TABLE `sub_questions` (`id` int(11) DEFAULT NULL auto_increment PRIMARY KEY, `question_id` int(11), `name` varchar(255), `code` varchar(255), `question_type_id` int(11), `sort_order` int(11), `header` varchar(255), `question_text` varchar(255), `textfield_size` varchar(255), `validation_text` varchar(255), `help_text` varchar(255), `created_at` datetime, `updated_at` datetime) ENGINE=InnoDB[0m
  [4;36;1mSQL (0.4ms)[0m   [0;1mINSERT INTO schema_migrations (version) VALUES ('20100111200818')[0m
Migrating to CreateSubAnswers (20100111201002)
  [4;35;1mSQL (3.3ms)[0m   [0mCREATE TABLE `sub_answers` (`id` int(11) DEFAULT NULL auto_increment PRIMARY KEY, `sub_question_id` int(11), `name` varchar(255), `code` int(11), `answer_text` varchar(255), `sort_order` int(11), `created_at` datetime, `updated_at` datetime) ENGINE=InnoDB[0m
  [4;36;1mSQL (0.4ms)[0m   [0;1mINSERT INTO schema_migrations (version) VALUES ('20100111201002')[0m
Migrating to CreateQuestionTypes (20100111201134)
  [4;35;1mSQL (3.1ms)[0m   [0mCREATE TABLE `question_types` (`id` int(11) DEFAULT NULL auto_increment PRIMARY KEY, `name` varchar(255), `output_value` varchar(255), `created_at` datetime, `updated_at` datetime) ENGINE=InnoDB[0m
  [4;36;1mSQL (0.5ms)[0m   [0;1mINSERT INTO schema_migrations (version) VALUES ('20100111201134')[0m
  [4;35;1mSQL (0.3ms)[0m   [0mSHOW TABLES[0m
  [4;36;1mSQL (0.2ms)[0m   [0;1mSELECT version FROM schema_migrations[0m
  [4;35;1mSQL (0.1ms)[0m   [0mSHOW TABLES[0m
  [4;36;1mSQL (0.7ms)[0m   [0;1mSHOW FIELDS FROM `answers`[0m
  [4;35;1mSQL (0.7ms)[0m   [0mdescribe `answers`[0m
  [4;36;1mSQL (0.2ms)[0m   [0;1mSHOW KEYS FROM `answers`[0m
  [4;35;1mSQL (0.7ms)[0m   [0mSHOW FIELDS FROM `base_forms`[0m
  [4;36;1mSQL (0.6ms)[0m   [0;1mdescribe `base_forms`[0m
  [4;35;1mSQL (0.2ms)[0m   [0mSHOW KEYS FROM `base_forms`[0m
  [4;36;1mSQL (0.7ms)[0m   [0;1mSHOW FIELDS FROM `group_forms`[0m
  [4;35;1mSQL (0.7ms)[0m   [0mdescribe `group_forms`[0m
  [4;36;1mSQL (0.2ms)[0m   [0;1mSHOW KEYS FROM `group_forms`[0m
  [4;35;1mSQL (0.8ms)[0m   [0mSHOW FIELDS FROM `question_types`[0m
  [4;36;1mSQL (0.7ms)[0m   [0;1mdescribe `question_types`[0m
  [4;35;1mSQL (0.2ms)[0m   [0mSHOW KEYS FROM `question_types`[0m
  [4;36;1mSQL (1.2ms)[0m   [0;1mSHOW FIELDS FROM `questions`[0m
  [4;35;1mSQL (1.1ms)[0m   [0mdescribe `questions`[0m
  [4;36;1mSQL (0.2ms)[0m   [0;1mSHOW KEYS FROM `questions`[0m
  [4;35;1mSQL (1.0ms)[0m   [0mSHOW FIELDS FROM `sub_answers`[0m
  [4;36;1mSQL (1.0ms)[0m   [0;1mdescribe `sub_answers`[0m
  [4;35;1mSQL (0.2ms)[0m   [0mSHOW KEYS FROM `sub_answers`[0m
  [4;36;1mSQL (1.5ms)[0m   [0;1mSHOW FIELDS FROM `sub_questions`[0m
  [4;35;1mSQL (1.7ms)[0m   [0mdescribe `sub_questions`[0m
  [4;36;1mSQL (0.2ms)[0m   [0;1mSHOW KEYS FROM `sub_questions`[0m
  [4;36;1mSQL (0.2ms)[0m   [0;1mSET NAMES 'utf8'[0m
  [4;35;1mSQL (0.1ms)[0m   [0mSET SQL_AUTO_IS_NULL=0[0m
  [4;36;1mBaseForm Columns (1.9ms)[0m   [0;1mSHOW FIELDS FROM `base_forms`[0m


Processing BaseFormsController#index (for 127.0.0.1 at 2010-01-13 14:14:59) [GET]
  [4;35;1mSQL (0.6ms)[0m   [0mSELECT count(*) AS count_all FROM `base_forms` [0m
  [4;36;1mBaseForm Load (0.5ms)[0m   [0;1mSELECT `base_forms`.* FROM `base_forms` ORDER BY `base_forms`.`id` ASC LIMIT 0, 15[0m
  [4;35;1mCACHE (0.0ms)[0m   [0mSELECT `base_forms`.* FROM `base_forms` ORDER BY `base_forms`.`id` ASC LIMIT 0, 15[0m
Rendering template within layouts/base_forms
Rendering list
Rendered _list_header (169.7ms)
Rendered _list_column_headings (53.2ms)
Rendered _messages (2.6ms)
Rendered _list (87.2ms)
Completed in 408ms (View: 342, DB: 3) | 200 OK [http://localhost/base_forms]
  [4;36;1mSQL (0.1ms)[0m   [0;1mSET NAMES 'utf8'[0m
  [4;35;1mSQL (0.0ms)[0m   [0mSET SQL_AUTO_IS_NULL=0[0m
  [4;36;1mQuestionType Columns (0.6ms)[0m   [0;1mSHOW FIELDS FROM `question_types`[0m
  [4;35;1mBaseForm Columns (0.7ms)[0m   [0mSHOW FIELDS FROM `base_forms`[0m
  [4;36;1mQuestion Columns (0.9ms)[0m   [0;1mSHOW FIELDS FROM `questions`[0m
  [4;35;1mSubAnswer Columns (0.7ms)[0m   [0mSHOW FIELDS FROM `sub_answers`[0m
  [4;36;1mGroupForm Columns (0.8ms)[0m   [0;1mSHOW FIELDS FROM `group_forms`[0m
  [4;35;1mAnswer Columns (0.9ms)[0m   [0mSHOW FIELDS FROM `answers`[0m
  [4;36;1mSubQuestion Columns (1.1ms)[0m   [0;1mSHOW FIELDS FROM `sub_questions`[0m
  [4;36;1mSQL (0.1ms)[0m   [0;1mSET NAMES 'utf8'[0m
  [4;35;1mSQL (0.1ms)[0m   [0mSET SQL_AUTO_IS_NULL=0[0m
  [4;36;1mQuestionType Columns (0.7ms)[0m   [0;1mSHOW FIELDS FROM `question_types`[0m
  [4;35;1mBaseForm Columns (1.0ms)[0m   [0mSHOW FIELDS FROM `base_forms`[0m
  [4;36;1mQuestion Columns (0.9ms)[0m   [0;1mSHOW FIELDS FROM `questions`[0m
  [4;35;1mSubAnswer Columns (0.8ms)[0m   [0mSHOW FIELDS FROM `sub_answers`[0m
  [4;36;1mGroupForm Columns (1.0ms)[0m   [0;1mSHOW FIELDS FROM `group_forms`[0m
  [4;35;1mAnswer Columns (0.9ms)[0m   [0mSHOW FIELDS FROM `answers`[0m
  [4;36;1mSubQuestion Columns (1.2ms)[0m   [0;1mSHOW FIELDS FROM `sub_questions`[0m
  [4;36;1mSQL (0.1ms)[0m   [0;1mSET NAMES 'utf8'[0m
  [4;35;1mSQL (0.1ms)[0m   [0mSET SQL_AUTO_IS_NULL=0[0m
  [4;36;1mQuestionType Columns (0.6ms)[0m   [0;1mSHOW FIELDS FROM `question_types`[0m
  [4;35;1mBaseForm Columns (0.7ms)[0m   [0mSHOW FIELDS FROM `base_forms`[0m
  [4;36;1mQuestion Columns (0.9ms)[0m   [0;1mSHOW FIELDS FROM `questions`[0m
  [4;35;1mSubAnswer Columns (0.8ms)[0m   [0mSHOW FIELDS FROM `sub_answers`[0m
  [4;36;1mGroupForm Columns (0.8ms)[0m   [0;1mSHOW FIELDS FROM `group_forms`[0m
  [4;35;1mAnswer Columns (0.8ms)[0m   [0mSHOW FIELDS FROM `answers`[0m
  [4;36;1mSubQuestion Columns (1.1ms)[0m   [0;1mSHOW FIELDS FROM `sub_questions`[0m
  [4;36;1mSQL (0.1ms)[0m   [0;1mSET NAMES 'utf8'[0m
  [4;35;1mSQL (0.1ms)[0m   [0mSET SQL_AUTO_IS_NULL=0[0m
  [4;36;1mQuestionType Columns (0.6ms)[0m   [0;1mSHOW FIELDS FROM `question_types`[0m
  [4;35;1mBaseForm Columns (0.7ms)[0m   [0mSHOW FIELDS FROM `base_forms`[0m
  [4;36;1mQuestion Columns (1.0ms)[0m   [0;1mSHOW FIELDS FROM `questions`[0m
  [4;35;1mSubAnswer Columns (1.5ms)[0m   [0mSHOW FIELDS FROM `sub_answers`[0m
  [4;36;1mGroupForm Columns (4.2ms)[0m   [0;1mSHOW FIELDS FROM `group_forms`[0m
  [4;35;1mAnswer Columns (1.3ms)[0m   [0mSHOW FIELDS FROM `answers`[0m
  [4;36;1mSubQuestion Columns (1.1ms)[0m   [0;1mSHOW FIELDS FROM `sub_questions`[0m
  [4;35;1mSQL (0.3ms)[0m   [0mSHOW TABLES[0m
  [4;36;1mSQL (0.0ms)[0m   [0;1mSELECT version FROM schema_migrations[0m
  [4;36;1mSQL (0.1ms)[0m   [0;1mSET NAMES 'utf8'[0m
  [4;35;1mSQL (0.1ms)[0m   [0mSET SQL_AUTO_IS_NULL=0[0m
  [4;36;1mSQL (0.2ms)[0m   [0;1mSHOW TABLES[0m
  [4;35;1mSQL (0.1ms)[0m   [0mSELECT version FROM schema_migrations[0m
